2024-07-04 23:09:49,262 Catching CLass
2024-07-04 23:09:49,276 Count of missing values in the long_hair column:
2024-07-04 23:09:49,276 0.0
2024-07-04 23:09:49,276 Adding to Filling
2024-07-04 23:09:49,276 Count of missing values in the forehead_width_cm column:
2024-07-04 23:09:49,276 0.0
2024-07-04 23:09:49,276 Adding to Filling
2024-07-04 23:09:49,277 Count of missing values in the forehead_height_cm column:
2024-07-04 23:09:49,277 0.0
2024-07-04 23:09:49,277 Adding to Filling
2024-07-04 23:09:49,277 Count of missing values in the nose_wide column:
2024-07-04 23:09:49,277 0.0
2024-07-04 23:09:49,277 Adding to Filling
2024-07-04 23:09:49,278 Count of missing values in the nose_long column:
2024-07-04 23:09:49,278 0.0
2024-07-04 23:09:49,278 Adding to Filling
2024-07-04 23:09:49,278 Count of missing values in the lips_thin column:
2024-07-04 23:09:49,278 0.0
2024-07-04 23:09:49,278 Adding to Filling
2024-07-04 23:09:49,278 Count of missing values in the distance_nose_to_lip_long column:
2024-07-04 23:09:49,279 0.0
2024-07-04 23:09:49,279 Adding to Filling
2024-07-04 23:09:49,282 Count of missing values in the long_hair column:
2024-07-04 23:09:49,282 0.0
2024-07-04 23:09:49,282 Count of missing values in the forehead_width_cm column:
2024-07-04 23:09:49,282 0.0
2024-07-04 23:09:49,283 Count of missing values in the forehead_height_cm column:
2024-07-04 23:09:49,283 0.0
2024-07-04 23:09:49,283 Count of missing values in the nose_wide column:
2024-07-04 23:09:49,283 0.0
2024-07-04 23:09:49,284 Count of missing values in the nose_long column:
2024-07-04 23:09:49,284 0.0
2024-07-04 23:09:49,284 Count of missing values in the lips_thin column:
2024-07-04 23:09:49,284 0.0
2024-07-04 23:09:49,284 Count of missing values in the distance_nose_to_lip_long column:
2024-07-04 23:09:49,284 0.0
2024-07-04 23:09:49,289 Columns identified for label encoding:
2024-07-04 23:09:49,289 ['long_hair', 'nose_wide', 'nose_long', 'lips_thin', 'distance_nose_to_lip_long']
2024-07-04 23:09:49,290 Columns identified for scaling:
2024-07-04 23:09:49,290 ['forehead_width_cm', 'forehead_height_cm']
2024-07-04 23:09:49,303 Training Logistic Regression...
2024-07-04 23:09:49,312 Training Random Forest...
2024-07-04 23:09:49,602 Training Gradient Boosting...
2024-07-04 23:09:49,951 Training AdaBoost...
2024-07-04 23:09:50,438 Training K-Nearest Neighbors...
2024-07-04 23:09:50,514 Training Decision Tree...
2024-07-04 23:09:50,522 Training Gaussian Naive Bayes...
2024-07-04 23:09:50,527 Training Ridge Classifier...
2024-07-04 23:09:50,535 Training SGD Classifier...
2024-07-04 23:09:50,543 Training Extra Trees...
2024-07-04 23:09:50,759 Training Linear Discriminant Analysis...
2024-07-04 23:09:50,773 Training Quadratic Discriminant Analysis...
2024-07-04 23:09:50,785 Training MLP Classifier...
2024-07-04 23:09:53,411 Training XGBoost...
2024-07-04 23:09:54,940 Training LightGBM...
2024-07-04 23:09:55,256 Training Voting Classifier (Hard)...
2024-07-04 23:09:55,561 Count of missing values in the Hours Studied column:
2024-07-04 23:09:55,561 0.0
2024-07-04 23:09:55,561 Adding to Filling
2024-07-04 23:09:55,562 Count of missing values in the Previous Scores column:
2024-07-04 23:09:55,562 0.0
2024-07-04 23:09:55,562 Adding to Filling
2024-07-04 23:09:55,563 Count of missing values in the Extracurricular Activities column:
2024-07-04 23:09:55,563 0.0
2024-07-04 23:09:55,563 Adding to Filling
2024-07-04 23:09:55,563 Count of missing values in the Sleep Hours column:
2024-07-04 23:09:55,563 0.0
2024-07-04 23:09:55,564 Adding to Filling
2024-07-04 23:09:55,564 Count of missing values in the Sample Question Papers Practiced column:
2024-07-04 23:09:55,564 0.0
2024-07-04 23:09:55,564 Adding to Filling
2024-07-04 23:09:55,568 Count of missing values in the Hours Studied column:
2024-07-04 23:09:55,568 0.0
2024-07-04 23:09:55,568 Count of missing values in the Previous Scores column:
2024-07-04 23:09:55,568 0.0
2024-07-04 23:09:55,569 Count of missing values in the Extracurricular Activities column:
2024-07-04 23:09:55,569 0.0
2024-07-04 23:09:55,570 Count of missing values in the Sleep Hours column:
2024-07-04 23:09:55,570 0.0
2024-07-04 23:09:55,570 Count of missing values in the Sample Question Papers Practiced column:
2024-07-04 23:09:55,570 0.0
2024-07-04 23:09:55,574 Columns identified for label encoding:
2024-07-04 23:09:55,574 ['Extracurricular Activities']
2024-07-04 23:09:55,574 Columns identified for scaling:
2024-07-04 23:09:55,574 ['Hours Studied', 'Previous Scores', 'Sleep Hours', 'Sample Question Papers Practiced']
2024-07-04 23:09:55,587 Training Linear Regression...
2024-07-04 23:09:55,593 Training Ridge Regression...
2024-07-04 23:09:55,598 Training Lasso Regression...
2024-07-04 23:09:55,604 Training Decision Tree Regressor...
2024-07-04 23:09:55,626 Training Random Forest Regressor...
2024-07-04 23:09:57,017 Training Gradient Boosting Regressor...
2024-07-04 23:09:57,385 Training XGBoost Regressor...
2024-07-04 23:09:57,521 Training LightGBM Regressor...
2024-07-04 23:09:57,605 Training ElasticNet Regression...
2024-07-04 23:09:57,610 Training Support Vector Regressor...
2024-07-04 23:10:01,388 Training K-Nearest Neighbors Regressor...
2024-07-04 23:10:01,430 Training Huber Regressor...
2024-07-04 23:10:01,462 Training AdaBoost Regressor...
2024-07-04 23:10:01,808 Training Bagging Regressor...
2024-07-04 23:10:01,956 Training Extra Trees Regressor...
2024-07-04 23:10:03,312 Training HistGradientBoosting Regressor...
2024-07-04 23:10:03,622 Training Orthogonal Matching Pursuit...
2024-07-04 23:10:03,626 Training Passive Aggressive Regressor...
2024-07-04 23:10:03,637 Training Theil-Sen Regressor...
2024-07-04 23:10:05,964 Training Tweedie Regressor...
2024-07-04 23:10:05,970 Training Bayesian Ridge Regressor...
